[1.594s] DEBUG:colcon:Command line arguments: ['/usr/bin/colcon', 'build']
[1.595s] DEBUG:colcon:Parsed command line arguments: Namespace(log_base=None, log_level=None, verb_name='build', build_base='build', install_base='install', merge_install=False, symlink_install=False, test_result_base=None, continue_on_error=False, executor='parallel', parallel_workers=2, event_handlers=None, ignore_user_meta=False, metas=['./colcon.meta'], base_paths=['.'], packages_ignore=None, packages_ignore_regex=None, paths=None, packages_up_to=None, packages_up_to_regex=None, packages_above=None, packages_above_and_dependencies=None, packages_above_depth=None, packages_select_by_dep=None, packages_skip_by_dep=None, packages_skip_up_to=None, packages_select_build_failed=False, packages_skip_build_finished=False, packages_select_test_failures=False, packages_skip_test_passed=False, packages_select=None, packages_skip=None, packages_select_regex=None, packages_skip_regex=None, packages_start=None, packages_end=None, allow_overriding=[], cmake_args=None, cmake_target=None, cmake_target_skip_unavailable=False, cmake_clean_cache=False, cmake_clean_first=False, cmake_force_configure=False, ament_cmake_args=None, catkin_cmake_args=None, catkin_skip_building_tests=False, verb_parser=<colcon_defaults.argument_parser.defaults.DefaultArgumentsDecorator object at 0x7f90c53b9270>, verb_extension=<colcon_core.verb.build.BuildVerb object at 0x7f90c5d6a590>, main=<bound method BuildVerb.main of <colcon_core.verb.build.BuildVerb object at 0x7f90c5d6a590>>)
[1.688s] Level 1:colcon.colcon_core.package_discovery:discover_packages(colcon_meta) check parameters
[1.689s] Level 1:colcon.colcon_core.package_discovery:discover_packages(recursive) check parameters
[1.689s] Level 1:colcon.colcon_core.package_discovery:discover_packages(ignore) check parameters
[1.689s] Level 1:colcon.colcon_core.package_discovery:discover_packages(path) check parameters
[1.689s] Level 1:colcon.colcon_core.package_discovery:discover_packages(colcon_meta) discover
[1.689s] Level 1:colcon.colcon_core.package_discovery:discover_packages(recursive) discover
[1.689s] INFO:colcon.colcon_core.package_discovery:Crawling recursively for packages in '/home/ankit/Workspaces/ros2_cpp_ws_2'
[1.690s] Level 1:colcon.colcon_core.package_identification:_identify(.) by extensions ['ignore', 'ignore_ament_install']
[1.690s] Level 1:colcon.colcon_core.package_identification:_identify(.) by extension 'ignore'
[1.690s] Level 1:colcon.colcon_core.package_identification:_identify(.) by extension 'ignore_ament_install'
[1.690s] Level 1:colcon.colcon_core.package_identification:_identify(.) by extensions ['colcon_pkg']
[1.691s] Level 1:colcon.colcon_core.package_identification:_identify(.) by extension 'colcon_pkg'
[1.691s] Level 1:colcon.colcon_core.package_identification:_identify(.) by extensions ['colcon_meta']
[1.691s] Level 1:colcon.colcon_core.package_identification:_identify(.) by extension 'colcon_meta'
[1.691s] Level 1:colcon.colcon_core.package_identification:_identify(.) by extensions ['ros']
[1.691s] Level 1:colcon.colcon_core.package_identification:_identify(.) by extension 'ros'
[1.723s] Level 1:colcon.colcon_core.package_identification:_identify(.) by extensions ['cmake', 'python']
[1.723s] Level 1:colcon.colcon_core.package_identification:_identify(.) by extension 'cmake'
[1.723s] Level 1:colcon.colcon_core.package_identification:_identify(.) by extension 'python'
[1.723s] Level 1:colcon.colcon_core.package_identification:_identify(.) by extensions ['python_setup_py']
[1.723s] Level 1:colcon.colcon_core.package_identification:_identify(.) by extension 'python_setup_py'
[1.724s] Level 1:colcon.colcon_core.package_identification:_identify(build) by extensions ['ignore', 'ignore_ament_install']
[1.724s] Level 1:colcon.colcon_core.package_identification:_identify(build) by extension 'ignore'
[1.724s] Level 1:colcon.colcon_core.package_identification:_identify(build) ignored
[1.725s] Level 1:colcon.colcon_core.package_identification:_identify(install) by extensions ['ignore', 'ignore_ament_install']
[1.725s] Level 1:colcon.colcon_core.package_identification:_identify(install) by extension 'ignore'
[1.725s] Level 1:colcon.colcon_core.package_identification:_identify(install) ignored
[1.726s] Level 1:colcon.colcon_core.package_identification:_identify(log) by extensions ['ignore', 'ignore_ament_install']
[1.726s] Level 1:colcon.colcon_core.package_identification:_identify(log) by extension 'ignore'
[1.726s] Level 1:colcon.colcon_core.package_identification:_identify(log) ignored
[1.726s] Level 1:colcon.colcon_core.package_identification:_identify(src) by extensions ['ignore', 'ignore_ament_install']
[1.727s] Level 1:colcon.colcon_core.package_identification:_identify(src) by extension 'ignore'
[1.727s] Level 1:colcon.colcon_core.package_identification:_identify(src) by extension 'ignore_ament_install'
[1.727s] Level 1:colcon.colcon_core.package_identification:_identify(src) by extensions ['colcon_pkg']
[1.727s] Level 1:colcon.colcon_core.package_identification:_identify(src) by extension 'colcon_pkg'
[1.727s] Level 1:colcon.colcon_core.package_identification:_identify(src) by extensions ['colcon_meta']
[1.727s] Level 1:colcon.colcon_core.package_identification:_identify(src) by extension 'colcon_meta'
[1.727s] Level 1:colcon.colcon_core.package_identification:_identify(src) by extensions ['ros']
[1.728s] Level 1:colcon.colcon_core.package_identification:_identify(src) by extension 'ros'
[1.728s] Level 1:colcon.colcon_core.package_identification:_identify(src) by extensions ['cmake', 'python']
[1.728s] Level 1:colcon.colcon_core.package_identification:_identify(src) by extension 'cmake'
[1.728s] Level 1:colcon.colcon_core.package_identification:_identify(src) by extension 'python'
[1.728s] Level 1:colcon.colcon_core.package_identification:_identify(src) by extensions ['python_setup_py']
[1.728s] Level 1:colcon.colcon_core.package_identification:_identify(src) by extension 'python_setup_py'
[1.729s] Level 1:colcon.colcon_core.package_identification:_identify(src/ros2_pkg1) by extensions ['ignore', 'ignore_ament_install']
[1.729s] Level 1:colcon.colcon_core.package_identification:_identify(src/ros2_pkg1) by extension 'ignore'
[1.729s] Level 1:colcon.colcon_core.package_identification:_identify(src/ros2_pkg1) by extension 'ignore_ament_install'
[1.729s] Level 1:colcon.colcon_core.package_identification:_identify(src/ros2_pkg1) by extensions ['colcon_pkg']
[1.729s] Level 1:colcon.colcon_core.package_identification:_identify(src/ros2_pkg1) by extension 'colcon_pkg'
[1.730s] Level 1:colcon.colcon_core.package_identification:_identify(src/ros2_pkg1) by extensions ['colcon_meta']
[1.730s] Level 1:colcon.colcon_core.package_identification:_identify(src/ros2_pkg1) by extension 'colcon_meta'
[1.730s] Level 1:colcon.colcon_core.package_identification:_identify(src/ros2_pkg1) by extensions ['ros']
[1.730s] Level 1:colcon.colcon_core.package_identification:_identify(src/ros2_pkg1) by extension 'ros'
[1.735s] DEBUG:colcon.colcon_core.package_identification:Package 'src/ros2_pkg1' with type 'ros.ament_cmake' and name 'ros2_pkg1'
[1.735s] Level 1:colcon.colcon_core.package_discovery:discover_packages(recursive) using defaults
[1.735s] Level 1:colcon.colcon_core.package_discovery:discover_packages(ignore) discover
[1.735s] Level 1:colcon.colcon_core.package_discovery:discover_packages(ignore) using defaults
[1.735s] Level 1:colcon.colcon_core.package_discovery:discover_packages(path) discover
[1.736s] Level 1:colcon.colcon_core.package_discovery:discover_packages(path) using defaults
[1.785s] Level 1:colcon.colcon_core.package_discovery:discover_packages(prefix_path) check parameters
[1.785s] Level 1:colcon.colcon_core.package_discovery:discover_packages(prefix_path) discover
[1.794s] DEBUG:colcon.colcon_installed_package_information.package_discovery:Found 270 installed packages in /opt/ros/humble
[1.797s] Level 1:colcon.colcon_core.package_discovery:discover_packages(prefix_path) using defaults
[1.980s] Level 5:colcon.colcon_core.verb:set package 'ros2_pkg1' build argument 'cmake_args' from command line to 'None'
[1.981s] Level 5:colcon.colcon_core.verb:set package 'ros2_pkg1' build argument 'cmake_target' from command line to 'None'
[1.982s] Level 5:colcon.colcon_core.verb:set package 'ros2_pkg1' build argument 'cmake_target_skip_unavailable' from command line to 'False'
[1.982s] Level 5:colcon.colcon_core.verb:set package 'ros2_pkg1' build argument 'cmake_clean_cache' from command line to 'False'
[1.982s] Level 5:colcon.colcon_core.verb:set package 'ros2_pkg1' build argument 'cmake_clean_first' from command line to 'False'
[1.982s] Level 5:colcon.colcon_core.verb:set package 'ros2_pkg1' build argument 'cmake_force_configure' from command line to 'False'
[1.982s] Level 5:colcon.colcon_core.verb:set package 'ros2_pkg1' build argument 'ament_cmake_args' from command line to 'None'
[1.982s] Level 5:colcon.colcon_core.verb:set package 'ros2_pkg1' build argument 'catkin_cmake_args' from command line to 'None'
[1.983s] Level 5:colcon.colcon_core.verb:set package 'ros2_pkg1' build argument 'catkin_skip_building_tests' from command line to 'False'
[1.983s] DEBUG:colcon.colcon_core.verb:Building package 'ros2_pkg1' with the following arguments: {'ament_cmake_args': None, 'build_base': '/home/ankit/Workspaces/ros2_cpp_ws_2/build/ros2_pkg1', 'catkin_cmake_args': None, 'catkin_skip_building_tests': False, 'cmake_args': None, 'cmake_clean_cache': False, 'cmake_clean_first': False, 'cmake_force_configure': False, 'cmake_target': None, 'cmake_target_skip_unavailable': False, 'install_base': '/home/ankit/Workspaces/ros2_cpp_ws_2/install/ros2_pkg1', 'merge_install': False, 'path': '/home/ankit/Workspaces/ros2_cpp_ws_2/src/ros2_pkg1', 'symlink_install': False, 'test_result_base': None}
[1.985s] INFO:colcon.colcon_core.executor:Executing jobs using 'parallel' executor
[1.996s] DEBUG:colcon.colcon_parallel_executor.executor.parallel:run_until_complete
[1.996s] INFO:colcon.colcon_ros.task.ament_cmake.build:Building ROS package in '/home/ankit/Workspaces/ros2_cpp_ws_2/src/ros2_pkg1' with build type 'ament_cmake'
[1.996s] INFO:colcon.colcon_cmake.task.cmake.build:Building CMake package in '/home/ankit/Workspaces/ros2_cpp_ws_2/src/ros2_pkg1'
[2.016s] INFO:colcon.colcon_core.plugin_system:Skipping extension 'colcon_core.shell.bat': Not used on non-Windows systems
[2.016s] INFO:colcon.colcon_core.shell:Skip shell extension 'powershell' for command environment: Not usable outside of PowerShell
[2.016s] DEBUG:colcon.colcon_core.shell:Skip shell extension 'dsv' for command environment
[2.051s] DEBUG:colcon.colcon_core.event_handler.log_command:Invoking command in '/home/ankit/Workspaces/ros2_cpp_ws_2/build/ros2_pkg1': CMAKE_PREFIX_PATH=/opt/ros/humble /usr/bin/cmake --build /home/ankit/Workspaces/ros2_cpp_ws_2/build/ros2_pkg1 -- -j2 -l2
[5.811s] DEBUG:colcon.colcon_core.event_handler.log_command:Invoked command in '/home/ankit/Workspaces/ros2_cpp_ws_2/build/ros2_pkg1' returned '2': CMAKE_PREFIX_PATH=/opt/ros/humble /usr/bin/cmake --build /home/ankit/Workspaces/ros2_cpp_ws_2/build/ros2_pkg1 -- -j2 -l2
[5.876s] Level 1:colcon.colcon_core.environment:create_environment_scripts_only(ros2_pkg1)
[5.890s] Level 1:colcon.colcon_core.environment:checking '/home/ankit/Workspaces/ros2_cpp_ws_2/install/ros2_pkg1' for CMake module files
[5.891s] Level 1:colcon.colcon_core.environment:checking '/home/ankit/Workspaces/ros2_cpp_ws_2/install/ros2_pkg1' for CMake config files
[5.892s] Level 1:colcon.colcon_core.shell:create_environment_hook('ros2_pkg1', 'cmake_prefix_path')
[5.895s] INFO:colcon.colcon_core.shell:Creating environment hook '/home/ankit/Workspaces/ros2_cpp_ws_2/install/ros2_pkg1/share/ros2_pkg1/hook/cmake_prefix_path.ps1'
[5.898s] INFO:colcon.colcon_core.shell:Creating environment descriptor '/home/ankit/Workspaces/ros2_cpp_ws_2/install/ros2_pkg1/share/ros2_pkg1/hook/cmake_prefix_path.dsv'
[5.905s] INFO:colcon.colcon_core.shell:Creating environment hook '/home/ankit/Workspaces/ros2_cpp_ws_2/install/ros2_pkg1/share/ros2_pkg1/hook/cmake_prefix_path.sh'
[5.911s] Level 1:colcon.colcon_core.environment:checking '/home/ankit/Workspaces/ros2_cpp_ws_2/install/ros2_pkg1/bin'
[5.911s] Level 1:colcon.colcon_core.environment:checking '/home/ankit/Workspaces/ros2_cpp_ws_2/install/ros2_pkg1/lib/pkgconfig/ros2_pkg1.pc'
[5.911s] Level 1:colcon.colcon_core.environment:checking '/home/ankit/Workspaces/ros2_cpp_ws_2/install/ros2_pkg1/lib/python3.10/site-packages'
[5.912s] Level 1:colcon.colcon_core.environment:checking '/home/ankit/Workspaces/ros2_cpp_ws_2/install/ros2_pkg1/bin'
[5.917s] INFO:colcon.colcon_core.shell:Creating package script '/home/ankit/Workspaces/ros2_cpp_ws_2/install/ros2_pkg1/share/ros2_pkg1/package.ps1'
[5.921s] INFO:colcon.colcon_core.shell:Creating package descriptor '/home/ankit/Workspaces/ros2_cpp_ws_2/install/ros2_pkg1/share/ros2_pkg1/package.dsv'
[5.927s] INFO:colcon.colcon_core.shell:Creating package script '/home/ankit/Workspaces/ros2_cpp_ws_2/install/ros2_pkg1/share/ros2_pkg1/package.sh'
[5.931s] INFO:colcon.colcon_core.shell:Creating package script '/home/ankit/Workspaces/ros2_cpp_ws_2/install/ros2_pkg1/share/ros2_pkg1/package.bash'
[5.933s] INFO:colcon.colcon_core.shell:Creating package script '/home/ankit/Workspaces/ros2_cpp_ws_2/install/ros2_pkg1/share/ros2_pkg1/package.zsh'
[5.935s] Level 1:colcon.colcon_core.environment:create_file_with_runtime_dependencies(/home/ankit/Workspaces/ros2_cpp_ws_2/install/ros2_pkg1/share/colcon-core/packages/ros2_pkg1)
[5.937s] DEBUG:colcon.colcon_parallel_executor.executor.parallel:closing loop
[5.938s] DEBUG:colcon.colcon_parallel_executor.executor.parallel:loop closed
[5.938s] DEBUG:colcon.colcon_parallel_executor.executor.parallel:run_until_complete finished with '2'
[5.938s] DEBUG:colcon.colcon_core.event_reactor:joining thread
[5.975s] INFO:colcon.colcon_core.plugin_system:Skipping extension 'colcon_notification.desktop_notification.terminal_notifier': Not used on non-Darwin systems
[5.975s] INFO:colcon.colcon_core.plugin_system:Skipping extension 'colcon_notification.desktop_notification.win32': Not used on non-Windows systems
[5.975s] INFO:colcon.colcon_notification.desktop_notification:Sending desktop notification using 'notify2'
[6.021s] DEBUG:colcon.colcon_core.event_reactor:joined thread
[6.023s] INFO:colcon.colcon_core.shell:Creating prefix script '/home/ankit/Workspaces/ros2_cpp_ws_2/install/local_setup.ps1'
[6.025s] INFO:colcon.colcon_core.shell:Creating prefix util module '/home/ankit/Workspaces/ros2_cpp_ws_2/install/_local_setup_util_ps1.py'
[6.033s] INFO:colcon.colcon_core.shell:Creating prefix chain script '/home/ankit/Workspaces/ros2_cpp_ws_2/install/setup.ps1'
[6.037s] INFO:colcon.colcon_core.shell:Creating prefix script '/home/ankit/Workspaces/ros2_cpp_ws_2/install/local_setup.sh'
[6.039s] INFO:colcon.colcon_core.shell:Creating prefix util module '/home/ankit/Workspaces/ros2_cpp_ws_2/install/_local_setup_util_sh.py'
[6.052s] INFO:colcon.colcon_core.shell:Creating prefix chain script '/home/ankit/Workspaces/ros2_cpp_ws_2/install/setup.sh'
[6.058s] INFO:colcon.colcon_core.shell:Creating prefix script '/home/ankit/Workspaces/ros2_cpp_ws_2/install/local_setup.bash'
[6.060s] INFO:colcon.colcon_core.shell:Creating prefix chain script '/home/ankit/Workspaces/ros2_cpp_ws_2/install/setup.bash'
[6.068s] INFO:colcon.colcon_core.shell:Creating prefix script '/home/ankit/Workspaces/ros2_cpp_ws_2/install/local_setup.zsh'
[6.069s] INFO:colcon.colcon_core.shell:Creating prefix chain script '/home/ankit/Workspaces/ros2_cpp_ws_2/install/setup.zsh'
