-- The C compiler identification is GNU 11.4.0
-- The CXX compiler identification is GNU 11.4.0
-- Detecting C compiler ABI info
-- Detecting C compiler ABI info - done
-- Check for working C compiler: /usr/bin/cc - skipped
-- Detecting C compile features
-- Detecting C compile features - done
-- Detecting CXX compiler ABI info
-- Detecting CXX compiler ABI info - done
-- Check for working CXX compiler: /usr/bin/c++ - skipped
-- Detecting CXX compile features
-- Detecting CXX compile features - done
-- Found ament_cmake: 1.3.4 (/opt/ros/humble/share/ament_cmake/cmake)
-- Found Python3: /usr/bin/python3.10 (found version "3.10.12") found components: Interpreter 
-- Found ament_lint_auto: 0.12.6 (/opt/ros/humble/share/ament_lint_auto/cmake)
-- Added test 'lint_cmake' to check CMake code style
-- Added test 'xmllint' to check XML markup files
-- Configuring done
-- Generating done
-- Build files have been written to: /home/ankit/Workspaces/ros2_cpp_ws_2/build/ros2_pkg1
-- Install configuration: ""
-- Installing: /home/ankit/Workspaces/ros2_cpp_ws_2/install/ros2_pkg1/share/ament_index/resource_index/package_run_dependencies/ros2_pkg1
-- Installing: /home/ankit/Workspaces/ros2_cpp_ws_2/install/ros2_pkg1/share/ament_index/resource_index/parent_prefix_path/ros2_pkg1
-- Installing: /home/ankit/Workspaces/ros2_cpp_ws_2/install/ros2_pkg1/share/ros2_pkg1/environment/ament_prefix_path.sh
-- Installing: /home/ankit/Workspaces/ros2_cpp_ws_2/install/ros2_pkg1/share/ros2_pkg1/environment/ament_prefix_path.dsv
-- Installing: /home/ankit/Workspaces/ros2_cpp_ws_2/install/ros2_pkg1/share/ros2_pkg1/environment/path.sh
-- Installing: /home/ankit/Workspaces/ros2_cpp_ws_2/install/ros2_pkg1/share/ros2_pkg1/environment/path.dsv
-- Installing: /home/ankit/Workspaces/ros2_cpp_ws_2/install/ros2_pkg1/share/ros2_pkg1/local_setup.bash
-- Installing: /home/ankit/Workspaces/ros2_cpp_ws_2/install/ros2_pkg1/share/ros2_pkg1/local_setup.sh
-- Installing: /home/ankit/Workspaces/ros2_cpp_ws_2/install/ros2_pkg1/share/ros2_pkg1/local_setup.zsh
-- Installing: /home/ankit/Workspaces/ros2_cpp_ws_2/install/ros2_pkg1/share/ros2_pkg1/local_setup.dsv
-- Installing: /home/ankit/Workspaces/ros2_cpp_ws_2/install/ros2_pkg1/share/ros2_pkg1/package.dsv
-- Installing: /home/ankit/Workspaces/ros2_cpp_ws_2/install/ros2_pkg1/share/ament_index/resource_index/packages/ros2_pkg1
-- Installing: /home/ankit/Workspaces/ros2_cpp_ws_2/install/ros2_pkg1/share/ros2_pkg1/cmake/ros2_pkg1Config.cmake
-- Installing: /home/ankit/Workspaces/ros2_cpp_ws_2/install/ros2_pkg1/share/ros2_pkg1/cmake/ros2_pkg1Config-version.cmake
-- Installing: /home/ankit/Workspaces/ros2_cpp_ws_2/install/ros2_pkg1/share/ros2_pkg1/package.xml
