[1.239s] DEBUG:colcon:Command line arguments: ['/usr/bin/colcon', 'build']
[1.240s] DEBUG:colcon:Parsed command line arguments: Namespace(log_base=None, log_level=None, verb_name='build', build_base='build', install_base='install', merge_install=False, symlink_install=False, test_result_base=None, continue_on_error=False, executor='parallel', parallel_workers=2, event_handlers=None, ignore_user_meta=False, metas=['./colcon.meta'], base_paths=['.'], packages_ignore=None, packages_ignore_regex=None, paths=None, packages_up_to=None, packages_up_to_regex=None, packages_above=None, packages_above_and_dependencies=None, packages_above_depth=None, packages_select_by_dep=None, packages_skip_by_dep=None, packages_skip_up_to=None, packages_select_build_failed=False, packages_skip_build_finished=False, packages_select_test_failures=False, packages_skip_test_passed=False, packages_select=None, packages_skip=None, packages_select_regex=None, packages_skip_regex=None, packages_start=None, packages_end=None, allow_overriding=[], cmake_args=None, cmake_target=None, cmake_target_skip_unavailable=False, cmake_clean_cache=False, cmake_clean_first=False, cmake_force_configure=False, ament_cmake_args=None, catkin_cmake_args=None, catkin_skip_building_tests=False, verb_parser=<colcon_defaults.argument_parser.defaults.DefaultArgumentsDecorator object at 0x7f15edec94e0>, verb_extension=<colcon_core.verb.build.BuildVerb object at 0x7f15ee6b5e10>, main=<bound method BuildVerb.main of <colcon_core.verb.build.BuildVerb object at 0x7f15ee6b5e10>>)
[1.427s] Level 1:colcon.colcon_core.package_discovery:discover_packages(colcon_meta) check parameters
[1.428s] Level 1:colcon.colcon_core.package_discovery:discover_packages(recursive) check parameters
[1.428s] Level 1:colcon.colcon_core.package_discovery:discover_packages(ignore) check parameters
[1.429s] Level 1:colcon.colcon_core.package_discovery:discover_packages(path) check parameters
[1.430s] Level 1:colcon.colcon_core.package_discovery:discover_packages(colcon_meta) discover
[1.430s] Level 1:colcon.colcon_core.package_discovery:discover_packages(recursive) discover
[1.440s] INFO:colcon.colcon_core.package_discovery:Crawling recursively for packages in '/home/ankit/Workspaces/ros2_cpp_ws_2'
[1.441s] Level 1:colcon.colcon_core.package_identification:_identify(.) by extensions ['ignore', 'ignore_ament_install']
[1.441s] Level 1:colcon.colcon_core.package_identification:_identify(.) by extension 'ignore'
[1.442s] Level 1:colcon.colcon_core.package_identification:_identify(.) by extension 'ignore_ament_install'
[1.442s] Level 1:colcon.colcon_core.package_identification:_identify(.) by extensions ['colcon_pkg']
[1.442s] Level 1:colcon.colcon_core.package_identification:_identify(.) by extension 'colcon_pkg'
[1.443s] Level 1:colcon.colcon_core.package_identification:_identify(.) by extensions ['colcon_meta']
[1.443s] Level 1:colcon.colcon_core.package_identification:_identify(.) by extension 'colcon_meta'
[1.443s] Level 1:colcon.colcon_core.package_identification:_identify(.) by extensions ['ros']
[1.444s] Level 1:colcon.colcon_core.package_identification:_identify(.) by extension 'ros'
[1.487s] Level 1:colcon.colcon_core.package_identification:_identify(.) by extensions ['cmake', 'python']
[1.487s] Level 1:colcon.colcon_core.package_identification:_identify(.) by extension 'cmake'
[1.487s] Level 1:colcon.colcon_core.package_identification:_identify(.) by extension 'python'
[1.487s] Level 1:colcon.colcon_core.package_identification:_identify(.) by extensions ['python_setup_py']
[1.488s] Level 1:colcon.colcon_core.package_identification:_identify(.) by extension 'python_setup_py'
[1.488s] Level 1:colcon.colcon_core.package_identification:_identify(build) by extensions ['ignore', 'ignore_ament_install']
[1.488s] Level 1:colcon.colcon_core.package_identification:_identify(build) by extension 'ignore'
[1.488s] Level 1:colcon.colcon_core.package_identification:_identify(build) ignored
[1.489s] Level 1:colcon.colcon_core.package_identification:_identify(install) by extensions ['ignore', 'ignore_ament_install']
[1.490s] Level 1:colcon.colcon_core.package_identification:_identify(install) by extension 'ignore'
[1.490s] Level 1:colcon.colcon_core.package_identification:_identify(install) ignored
[1.490s] Level 1:colcon.colcon_core.package_identification:_identify(log) by extensions ['ignore', 'ignore_ament_install']
[1.491s] Level 1:colcon.colcon_core.package_identification:_identify(log) by extension 'ignore'
[1.491s] Level 1:colcon.colcon_core.package_identification:_identify(log) ignored
[1.491s] Level 1:colcon.colcon_core.package_identification:_identify(src) by extensions ['ignore', 'ignore_ament_install']
[1.492s] Level 1:colcon.colcon_core.package_identification:_identify(src) by extension 'ignore'
[1.492s] Level 1:colcon.colcon_core.package_identification:_identify(src) by extension 'ignore_ament_install'
[1.492s] Level 1:colcon.colcon_core.package_identification:_identify(src) by extensions ['colcon_pkg']
[1.492s] Level 1:colcon.colcon_core.package_identification:_identify(src) by extension 'colcon_pkg'
[1.492s] Level 1:colcon.colcon_core.package_identification:_identify(src) by extensions ['colcon_meta']
[1.493s] Level 1:colcon.colcon_core.package_identification:_identify(src) by extension 'colcon_meta'
[1.493s] Level 1:colcon.colcon_core.package_identification:_identify(src) by extensions ['ros']
[1.493s] Level 1:colcon.colcon_core.package_identification:_identify(src) by extension 'ros'
[1.493s] Level 1:colcon.colcon_core.package_identification:_identify(src) by extensions ['cmake', 'python']
[1.493s] Level 1:colcon.colcon_core.package_identification:_identify(src) by extension 'cmake'
[1.493s] Level 1:colcon.colcon_core.package_identification:_identify(src) by extension 'python'
[1.494s] Level 1:colcon.colcon_core.package_identification:_identify(src) by extensions ['python_setup_py']
[1.494s] Level 1:colcon.colcon_core.package_identification:_identify(src) by extension 'python_setup_py'
[1.494s] Level 1:colcon.colcon_core.package_identification:_identify(src/ros2_pkg1) by extensions ['ignore', 'ignore_ament_install']
[1.494s] Level 1:colcon.colcon_core.package_identification:_identify(src/ros2_pkg1) by extension 'ignore'
[1.494s] Level 1:colcon.colcon_core.package_identification:_identify(src/ros2_pkg1) by extension 'ignore_ament_install'
[1.494s] Level 1:colcon.colcon_core.package_identification:_identify(src/ros2_pkg1) by extensions ['colcon_pkg']
[1.495s] Level 1:colcon.colcon_core.package_identification:_identify(src/ros2_pkg1) by extension 'colcon_pkg'
[1.495s] Level 1:colcon.colcon_core.package_identification:_identify(src/ros2_pkg1) by extensions ['colcon_meta']
[1.495s] Level 1:colcon.colcon_core.package_identification:_identify(src/ros2_pkg1) by extension 'colcon_meta'
[1.495s] Level 1:colcon.colcon_core.package_identification:_identify(src/ros2_pkg1) by extensions ['ros']
[1.495s] Level 1:colcon.colcon_core.package_identification:_identify(src/ros2_pkg1) by extension 'ros'
[1.502s] DEBUG:colcon.colcon_core.package_identification:Package 'src/ros2_pkg1' with type 'ros.ament_cmake' and name 'ros2_pkg1'
[1.503s] Level 1:colcon.colcon_core.package_discovery:discover_packages(recursive) using defaults
[1.503s] Level 1:colcon.colcon_core.package_discovery:discover_packages(ignore) discover
[1.503s] Level 1:colcon.colcon_core.package_discovery:discover_packages(ignore) using defaults
[1.503s] Level 1:colcon.colcon_core.package_discovery:discover_packages(path) discover
[1.503s] Level 1:colcon.colcon_core.package_discovery:discover_packages(path) using defaults
[1.611s] Level 1:colcon.colcon_core.package_discovery:discover_packages(prefix_path) check parameters
[1.612s] Level 1:colcon.colcon_core.package_discovery:discover_packages(prefix_path) discover
[1.631s] DEBUG:colcon.colcon_installed_package_information.package_discovery:Found 1 installed packages in /home/ankit/Workspaces/ros2_cpp_ws_2/install
[1.637s] DEBUG:colcon.colcon_installed_package_information.package_discovery:Found 270 installed packages in /opt/ros/humble
[1.641s] Level 1:colcon.colcon_core.package_discovery:discover_packages(prefix_path) using defaults
[1.850s] Level 5:colcon.colcon_core.verb:set package 'ros2_pkg1' build argument 'cmake_args' from command line to 'None'
[1.850s] Level 5:colcon.colcon_core.verb:set package 'ros2_pkg1' build argument 'cmake_target' from command line to 'None'
[1.851s] Level 5:colcon.colcon_core.verb:set package 'ros2_pkg1' build argument 'cmake_target_skip_unavailable' from command line to 'False'
[1.851s] Level 5:colcon.colcon_core.verb:set package 'ros2_pkg1' build argument 'cmake_clean_cache' from command line to 'False'
[1.851s] Level 5:colcon.colcon_core.verb:set package 'ros2_pkg1' build argument 'cmake_clean_first' from command line to 'False'
[1.851s] Level 5:colcon.colcon_core.verb:set package 'ros2_pkg1' build argument 'cmake_force_configure' from command line to 'False'
[1.851s] Level 5:colcon.colcon_core.verb:set package 'ros2_pkg1' build argument 'ament_cmake_args' from command line to 'None'
[1.851s] Level 5:colcon.colcon_core.verb:set package 'ros2_pkg1' build argument 'catkin_cmake_args' from command line to 'None'
[1.851s] Level 5:colcon.colcon_core.verb:set package 'ros2_pkg1' build argument 'catkin_skip_building_tests' from command line to 'False'
[1.851s] DEBUG:colcon.colcon_core.verb:Building package 'ros2_pkg1' with the following arguments: {'ament_cmake_args': None, 'build_base': '/home/ankit/Workspaces/ros2_cpp_ws_2/build/ros2_pkg1', 'catkin_cmake_args': None, 'catkin_skip_building_tests': False, 'cmake_args': None, 'cmake_clean_cache': False, 'cmake_clean_first': False, 'cmake_force_configure': False, 'cmake_target': None, 'cmake_target_skip_unavailable': False, 'install_base': '/home/ankit/Workspaces/ros2_cpp_ws_2/install/ros2_pkg1', 'merge_install': False, 'path': '/home/ankit/Workspaces/ros2_cpp_ws_2/src/ros2_pkg1', 'symlink_install': False, 'test_result_base': None}
[1.852s] INFO:colcon.colcon_core.executor:Executing jobs using 'parallel' executor
[1.858s] DEBUG:colcon.colcon_parallel_executor.executor.parallel:run_until_complete
[1.858s] INFO:colcon.colcon_ros.task.ament_cmake.build:Building ROS package in '/home/ankit/Workspaces/ros2_cpp_ws_2/src/ros2_pkg1' with build type 'ament_cmake'
[1.858s] INFO:colcon.colcon_cmake.task.cmake.build:Building CMake package in '/home/ankit/Workspaces/ros2_cpp_ws_2/src/ros2_pkg1'
[1.908s] INFO:colcon.colcon_core.plugin_system:Skipping extension 'colcon_core.shell.bat': Not used on non-Windows systems
[1.908s] INFO:colcon.colcon_core.shell:Skip shell extension 'powershell' for command environment: Not usable outside of PowerShell
[1.909s] DEBUG:colcon.colcon_core.shell:Skip shell extension 'dsv' for command environment
[1.950s] DEBUG:colcon.colcon_core.event_handler.log_command:Invoking command in '/home/ankit/Workspaces/ros2_cpp_ws_2/build/ros2_pkg1': CMAKE_PREFIX_PATH=${CMAKE_PREFIX_PATH}:/opt/ros/humble /usr/bin/cmake --build /home/ankit/Workspaces/ros2_cpp_ws_2/build/ros2_pkg1 -- -j2 -l2
[2.379s] DEBUG:colcon.colcon_core.event_handler.log_command:Invoked command in '/home/ankit/Workspaces/ros2_cpp_ws_2/build/ros2_pkg1' returned '0': CMAKE_PREFIX_PATH=${CMAKE_PREFIX_PATH}:/opt/ros/humble /usr/bin/cmake --build /home/ankit/Workspaces/ros2_cpp_ws_2/build/ros2_pkg1 -- -j2 -l2
[2.536s] DEBUG:colcon.colcon_core.event_handler.log_command:Invoking command in '/home/ankit/Workspaces/ros2_cpp_ws_2/build/ros2_pkg1': CMAKE_PREFIX_PATH=${CMAKE_PREFIX_PATH}:/opt/ros/humble /usr/bin/cmake --install /home/ankit/Workspaces/ros2_cpp_ws_2/build/ros2_pkg1
[2.593s] Level 1:colcon.colcon_core.environment:create_environment_scripts_only(ros2_pkg1)
[2.595s] DEBUG:colcon.colcon_core.event_handler.log_command:Invoked command in '/home/ankit/Workspaces/ros2_cpp_ws_2/build/ros2_pkg1' returned '0': CMAKE_PREFIX_PATH=${CMAKE_PREFIX_PATH}:/opt/ros/humble /usr/bin/cmake --install /home/ankit/Workspaces/ros2_cpp_ws_2/build/ros2_pkg1
[2.625s] Level 1:colcon.colcon_core.environment:checking '/home/ankit/Workspaces/ros2_cpp_ws_2/install/ros2_pkg1' for CMake module files
[2.626s] Level 1:colcon.colcon_core.environment:checking '/home/ankit/Workspaces/ros2_cpp_ws_2/install/ros2_pkg1' for CMake config files
[2.626s] Level 1:colcon.colcon_core.shell:create_environment_hook('ros2_pkg1', 'cmake_prefix_path')
[2.632s] INFO:colcon.colcon_core.shell:Creating environment hook '/home/ankit/Workspaces/ros2_cpp_ws_2/install/ros2_pkg1/share/ros2_pkg1/hook/cmake_prefix_path.ps1'
[2.633s] INFO:colcon.colcon_core.shell:Creating environment descriptor '/home/ankit/Workspaces/ros2_cpp_ws_2/install/ros2_pkg1/share/ros2_pkg1/hook/cmake_prefix_path.dsv'
[2.634s] INFO:colcon.colcon_core.shell:Creating environment hook '/home/ankit/Workspaces/ros2_cpp_ws_2/install/ros2_pkg1/share/ros2_pkg1/hook/cmake_prefix_path.sh'
[2.636s] Level 1:colcon.colcon_core.environment:checking '/home/ankit/Workspaces/ros2_cpp_ws_2/install/ros2_pkg1/lib'
[2.636s] Level 1:colcon.colcon_core.environment:checking '/home/ankit/Workspaces/ros2_cpp_ws_2/install/ros2_pkg1/bin'
[2.637s] Level 1:colcon.colcon_core.environment:checking '/home/ankit/Workspaces/ros2_cpp_ws_2/install/ros2_pkg1/lib/pkgconfig/ros2_pkg1.pc'
[2.637s] Level 1:colcon.colcon_core.environment:checking '/home/ankit/Workspaces/ros2_cpp_ws_2/install/ros2_pkg1/lib/python3.10/site-packages'
[2.637s] Level 1:colcon.colcon_core.environment:checking '/home/ankit/Workspaces/ros2_cpp_ws_2/install/ros2_pkg1/bin'
[2.640s] INFO:colcon.colcon_core.shell:Creating package script '/home/ankit/Workspaces/ros2_cpp_ws_2/install/ros2_pkg1/share/ros2_pkg1/package.ps1'
[2.641s] INFO:colcon.colcon_core.shell:Creating package descriptor '/home/ankit/Workspaces/ros2_cpp_ws_2/install/ros2_pkg1/share/ros2_pkg1/package.dsv'
[2.642s] INFO:colcon.colcon_core.shell:Creating package script '/home/ankit/Workspaces/ros2_cpp_ws_2/install/ros2_pkg1/share/ros2_pkg1/package.sh'
[2.644s] INFO:colcon.colcon_core.shell:Creating package script '/home/ankit/Workspaces/ros2_cpp_ws_2/install/ros2_pkg1/share/ros2_pkg1/package.bash'
[2.645s] INFO:colcon.colcon_core.shell:Creating package script '/home/ankit/Workspaces/ros2_cpp_ws_2/install/ros2_pkg1/share/ros2_pkg1/package.zsh'
[2.647s] Level 1:colcon.colcon_core.environment:create_file_with_runtime_dependencies(/home/ankit/Workspaces/ros2_cpp_ws_2/install/ros2_pkg1/share/colcon-core/packages/ros2_pkg1)
[2.762s] Level 1:colcon.colcon_core.environment:create_environment_scripts_only(ros2_pkg1)
[2.765s] Level 1:colcon.colcon_core.environment:checking '/home/ankit/Workspaces/ros2_cpp_ws_2/install/ros2_pkg1' for CMake module files
[2.766s] Level 1:colcon.colcon_core.environment:checking '/home/ankit/Workspaces/ros2_cpp_ws_2/install/ros2_pkg1' for CMake config files
[2.766s] Level 1:colcon.colcon_core.shell:create_environment_hook('ros2_pkg1', 'cmake_prefix_path')
[2.770s] INFO:colcon.colcon_core.shell:Creating environment hook '/home/ankit/Workspaces/ros2_cpp_ws_2/install/ros2_pkg1/share/ros2_pkg1/hook/cmake_prefix_path.ps1'
[2.772s] INFO:colcon.colcon_core.shell:Creating environment descriptor '/home/ankit/Workspaces/ros2_cpp_ws_2/install/ros2_pkg1/share/ros2_pkg1/hook/cmake_prefix_path.dsv'
[2.775s] INFO:colcon.colcon_core.shell:Creating environment hook '/home/ankit/Workspaces/ros2_cpp_ws_2/install/ros2_pkg1/share/ros2_pkg1/hook/cmake_prefix_path.sh'
[2.776s] Level 1:colcon.colcon_core.environment:checking '/home/ankit/Workspaces/ros2_cpp_ws_2/install/ros2_pkg1/lib'
[2.776s] Level 1:colcon.colcon_core.environment:checking '/home/ankit/Workspaces/ros2_cpp_ws_2/install/ros2_pkg1/bin'
[2.776s] Level 1:colcon.colcon_core.environment:checking '/home/ankit/Workspaces/ros2_cpp_ws_2/install/ros2_pkg1/lib/pkgconfig/ros2_pkg1.pc'
[2.777s] Level 1:colcon.colcon_core.environment:checking '/home/ankit/Workspaces/ros2_cpp_ws_2/install/ros2_pkg1/lib/python3.10/site-packages'
[2.777s] Level 1:colcon.colcon_core.environment:checking '/home/ankit/Workspaces/ros2_cpp_ws_2/install/ros2_pkg1/bin'
[2.782s] INFO:colcon.colcon_core.shell:Creating package script '/home/ankit/Workspaces/ros2_cpp_ws_2/install/ros2_pkg1/share/ros2_pkg1/package.ps1'
[2.787s] INFO:colcon.colcon_core.shell:Creating package descriptor '/home/ankit/Workspaces/ros2_cpp_ws_2/install/ros2_pkg1/share/ros2_pkg1/package.dsv'
[2.789s] INFO:colcon.colcon_core.shell:Creating package script '/home/ankit/Workspaces/ros2_cpp_ws_2/install/ros2_pkg1/share/ros2_pkg1/package.sh'
[2.790s] INFO:colcon.colcon_core.shell:Creating package script '/home/ankit/Workspaces/ros2_cpp_ws_2/install/ros2_pkg1/share/ros2_pkg1/package.bash'
[2.790s] INFO:colcon.colcon_core.shell:Creating package script '/home/ankit/Workspaces/ros2_cpp_ws_2/install/ros2_pkg1/share/ros2_pkg1/package.zsh'
[2.792s] Level 1:colcon.colcon_core.environment:create_file_with_runtime_dependencies(/home/ankit/Workspaces/ros2_cpp_ws_2/install/ros2_pkg1/share/colcon-core/packages/ros2_pkg1)
[2.793s] DEBUG:colcon.colcon_parallel_executor.executor.parallel:closing loop
[2.794s] DEBUG:colcon.colcon_parallel_executor.executor.parallel:loop closed
[2.794s] DEBUG:colcon.colcon_parallel_executor.executor.parallel:run_until_complete finished with '0'
[2.794s] DEBUG:colcon.colcon_core.event_reactor:joining thread
[2.827s] INFO:colcon.colcon_core.plugin_system:Skipping extension 'colcon_notification.desktop_notification.terminal_notifier': Not used on non-Darwin systems
[2.828s] INFO:colcon.colcon_core.plugin_system:Skipping extension 'colcon_notification.desktop_notification.win32': Not used on non-Windows systems
[2.828s] INFO:colcon.colcon_notification.desktop_notification:Sending desktop notification using 'notify2'
[2.861s] DEBUG:colcon.colcon_core.event_reactor:joined thread
[2.864s] INFO:colcon.colcon_core.shell:Creating prefix script '/home/ankit/Workspaces/ros2_cpp_ws_2/install/local_setup.ps1'
[2.866s] INFO:colcon.colcon_core.shell:Creating prefix util module '/home/ankit/Workspaces/ros2_cpp_ws_2/install/_local_setup_util_ps1.py'
[2.868s] INFO:colcon.colcon_core.shell:Creating prefix chain script '/home/ankit/Workspaces/ros2_cpp_ws_2/install/setup.ps1'
[2.872s] INFO:colcon.colcon_core.shell:Creating prefix script '/home/ankit/Workspaces/ros2_cpp_ws_2/install/local_setup.sh'
[2.874s] INFO:colcon.colcon_core.shell:Creating prefix util module '/home/ankit/Workspaces/ros2_cpp_ws_2/install/_local_setup_util_sh.py'
[2.875s] INFO:colcon.colcon_core.shell:Creating prefix chain script '/home/ankit/Workspaces/ros2_cpp_ws_2/install/setup.sh'
[2.878s] INFO:colcon.colcon_core.shell:Creating prefix script '/home/ankit/Workspaces/ros2_cpp_ws_2/install/local_setup.bash'
[2.879s] INFO:colcon.colcon_core.shell:Creating prefix chain script '/home/ankit/Workspaces/ros2_cpp_ws_2/install/setup.bash'
[2.885s] INFO:colcon.colcon_core.shell:Creating prefix script '/home/ankit/Workspaces/ros2_cpp_ws_2/install/local_setup.zsh'
[2.886s] INFO:colcon.colcon_core.shell:Creating prefix chain script '/home/ankit/Workspaces/ros2_cpp_ws_2/install/setup.zsh'
