[ 25%] Built target publisher
[ 50%] Built target subscriber
[ 75%] Built target rpm_pub
[100%] Built target speed_calc
-- Install configuration: ""
-- Up-to-date: /home/ankit/Workspaces/ros2_cpp_ws_2/install/ros2_pkg1/lib/ros2_pkg1/publisher
-- Up-to-date: /home/ankit/Workspaces/ros2_cpp_ws_2/install/ros2_pkg1/lib/ros2_pkg1/subscriber
-- Up-to-date: /home/ankit/Workspaces/ros2_cpp_ws_2/install/ros2_pkg1/lib/ros2_pkg1/rpm_pub
-- Up-to-date: /home/ankit/Workspaces/ros2_cpp_ws_2/install/ros2_pkg1/lib/ros2_pkg1/speed_calc
-- Up-to-date: /home/ankit/Workspaces/ros2_cpp_ws_2/install/ros2_pkg1/share/ament_index/resource_index/package_run_dependencies/ros2_pkg1
-- Up-to-date: /home/ankit/Workspaces/ros2_cpp_ws_2/install/ros2_pkg1/share/ament_index/resource_index/parent_prefix_path/ros2_pkg1
-- Up-to-date: /home/ankit/Workspaces/ros2_cpp_ws_2/install/ros2_pkg1/share/ros2_pkg1/environment/ament_prefix_path.sh
-- Up-to-date: /home/ankit/Workspaces/ros2_cpp_ws_2/install/ros2_pkg1/share/ros2_pkg1/environment/ament_prefix_path.dsv
-- Up-to-date: /home/ankit/Workspaces/ros2_cpp_ws_2/install/ros2_pkg1/share/ros2_pkg1/environment/path.sh
-- Up-to-date: /home/ankit/Workspaces/ros2_cpp_ws_2/install/ros2_pkg1/share/ros2_pkg1/environment/path.dsv
-- Up-to-date: /home/ankit/Workspaces/ros2_cpp_ws_2/install/ros2_pkg1/share/ros2_pkg1/local_setup.bash
-- Up-to-date: /home/ankit/Workspaces/ros2_cpp_ws_2/install/ros2_pkg1/share/ros2_pkg1/local_setup.sh
-- Up-to-date: /home/ankit/Workspaces/ros2_cpp_ws_2/install/ros2_pkg1/share/ros2_pkg1/local_setup.zsh
-- Up-to-date: /home/ankit/Workspaces/ros2_cpp_ws_2/install/ros2_pkg1/share/ros2_pkg1/local_setup.dsv
-- Installing: /home/ankit/Workspaces/ros2_cpp_ws_2/install/ros2_pkg1/share/ros2_pkg1/package.dsv
-- Up-to-date: /home/ankit/Workspaces/ros2_cpp_ws_2/install/ros2_pkg1/share/ament_index/resource_index/packages/ros2_pkg1
-- Up-to-date: /home/ankit/Workspaces/ros2_cpp_ws_2/install/ros2_pkg1/share/ros2_pkg1/cmake/ros2_pkg1Config.cmake
-- Up-to-date: /home/ankit/Workspaces/ros2_cpp_ws_2/install/ros2_pkg1/share/ros2_pkg1/cmake/ros2_pkg1Config-version.cmake
-- Up-to-date: /home/ankit/Workspaces/ros2_cpp_ws_2/install/ros2_pkg1/share/ros2_pkg1/package.xml
