[0.085s] Invoking command in '/home/ankit/Workspaces/ros2_cpp_ws_2/build/ros2_pkg1': CMAKE_PREFIX_PATH=${CMAKE_PREFIX_PATH}:/opt/ros/humble /usr/bin/cmake --build /home/ankit/Workspaces/ros2_cpp_ws_2/build/ros2_pkg1 -- -j2 -l2
[0.354s] [35m[1mConsolidate compiler generated dependencies of target publisher[0m
[0.459s] [100%] Built target publisher
[0.514s] Invoked command in '/home/ankit/Workspaces/ros2_cpp_ws_2/build/ros2_pkg1' returned '0': CMAKE_PREFIX_PATH=${CMAKE_PREFIX_PATH}:/opt/ros/humble /usr/bin/cmake --build /home/ankit/Workspaces/ros2_cpp_ws_2/build/ros2_pkg1 -- -j2 -l2
[0.671s] Invoking command in '/home/ankit/Workspaces/ros2_cpp_ws_2/build/ros2_pkg1': CMAKE_PREFIX_PATH=${CMAKE_PREFIX_PATH}:/opt/ros/humble /usr/bin/cmake --install /home/ankit/Workspaces/ros2_cpp_ws_2/build/ros2_pkg1
[0.705s] -- Install configuration: ""
[0.706s] -- Up-to-date: /home/ankit/Workspaces/ros2_cpp_ws_2/install/ros2_pkg1/lib/$(PROJECT_NAME)/publisher
[0.707s] -- Up-to-date: /home/ankit/Workspaces/ros2_cpp_ws_2/install/ros2_pkg1/share/ament_index/resource_index/package_run_dependencies/ros2_pkg1
[0.708s] -- Up-to-date: /home/ankit/Workspaces/ros2_cpp_ws_2/install/ros2_pkg1/share/ament_index/resource_index/parent_prefix_path/ros2_pkg1
[0.708s] -- Up-to-date: /home/ankit/Workspaces/ros2_cpp_ws_2/install/ros2_pkg1/share/ros2_pkg1/environment/ament_prefix_path.sh
[0.709s] -- Up-to-date: /home/ankit/Workspaces/ros2_cpp_ws_2/install/ros2_pkg1/share/ros2_pkg1/environment/ament_prefix_path.dsv
[0.709s] -- Up-to-date: /home/ankit/Workspaces/ros2_cpp_ws_2/install/ros2_pkg1/share/ros2_pkg1/environment/path.sh
[0.710s] -- Up-to-date: /home/ankit/Workspaces/ros2_cpp_ws_2/install/ros2_pkg1/share/ros2_pkg1/environment/path.dsv
[0.711s] -- Up-to-date: /home/ankit/Workspaces/ros2_cpp_ws_2/install/ros2_pkg1/share/ros2_pkg1/local_setup.bash
[0.711s] -- Up-to-date: /home/ankit/Workspaces/ros2_cpp_ws_2/install/ros2_pkg1/share/ros2_pkg1/local_setup.sh
[0.712s] -- Up-to-date: /home/ankit/Workspaces/ros2_cpp_ws_2/install/ros2_pkg1/share/ros2_pkg1/local_setup.zsh
[0.712s] -- Up-to-date: /home/ankit/Workspaces/ros2_cpp_ws_2/install/ros2_pkg1/share/ros2_pkg1/local_setup.dsv
[0.713s] -- Installing: /home/ankit/Workspaces/ros2_cpp_ws_2/install/ros2_pkg1/share/ros2_pkg1/package.dsv
[0.714s] -- Up-to-date: /home/ankit/Workspaces/ros2_cpp_ws_2/install/ros2_pkg1/share/ament_index/resource_index/packages/ros2_pkg1
[0.715s] -- Up-to-date: /home/ankit/Workspaces/ros2_cpp_ws_2/install/ros2_pkg1/share/ros2_pkg1/cmake/ros2_pkg1Config.cmake
[0.715s] -- Up-to-date: /home/ankit/Workspaces/ros2_cpp_ws_2/install/ros2_pkg1/share/ros2_pkg1/cmake/ros2_pkg1Config-version.cmake
[0.716s] -- Up-to-date: /home/ankit/Workspaces/ros2_cpp_ws_2/install/ros2_pkg1/share/ros2_pkg1/package.xml
[0.730s] Invoked command in '/home/ankit/Workspaces/ros2_cpp_ws_2/build/ros2_pkg1' returned '0': CMAKE_PREFIX_PATH=${CMAKE_PREFIX_PATH}:/opt/ros/humble /usr/bin/cmake --install /home/ankit/Workspaces/ros2_cpp_ws_2/build/ros2_pkg1
