[1.364s] DEBUG:colcon:Command line arguments: ['/usr/bin/colcon', 'build']
[1.364s] DEBUG:colcon:Parsed command line arguments: Namespace(log_base=None, log_level=None, verb_name='build', build_base='build', install_base='install', merge_install=False, symlink_install=False, test_result_base=None, continue_on_error=False, executor='parallel', parallel_workers=2, event_handlers=None, ignore_user_meta=False, metas=['./colcon.meta'], base_paths=['.'], packages_ignore=None, packages_ignore_regex=None, paths=None, packages_up_to=None, packages_up_to_regex=None, packages_above=None, packages_above_and_dependencies=None, packages_above_depth=None, packages_select_by_dep=None, packages_skip_by_dep=None, packages_skip_up_to=None, packages_select_build_failed=False, packages_skip_build_finished=False, packages_select_test_failures=False, packages_skip_test_passed=False, packages_select=None, packages_skip=None, packages_select_regex=None, packages_skip_regex=None, packages_start=None, packages_end=None, allow_overriding=[], cmake_args=None, cmake_target=None, cmake_target_skip_unavailable=False, cmake_clean_cache=False, cmake_clean_first=False, cmake_force_configure=False, ament_cmake_args=None, catkin_cmake_args=None, catkin_skip_building_tests=False, verb_parser=<colcon_defaults.argument_parser.defaults.DefaultArgumentsDecorator object at 0x7fc773a3d1e0>, verb_extension=<colcon_core.verb.build.BuildVerb object at 0x7fc77422fe50>, main=<bound method BuildVerb.main of <colcon_core.verb.build.BuildVerb object at 0x7fc77422fe50>>)
[1.520s] Level 1:colcon.colcon_core.package_discovery:discover_packages(colcon_meta) check parameters
[1.521s] Level 1:colcon.colcon_core.package_discovery:discover_packages(recursive) check parameters
[1.521s] Level 1:colcon.colcon_core.package_discovery:discover_packages(ignore) check parameters
[1.521s] Level 1:colcon.colcon_core.package_discovery:discover_packages(path) check parameters
[1.521s] Level 1:colcon.colcon_core.package_discovery:discover_packages(colcon_meta) discover
[1.521s] Level 1:colcon.colcon_core.package_discovery:discover_packages(recursive) discover
[1.521s] INFO:colcon.colcon_core.package_discovery:Crawling recursively for packages in '/home/ankit/Workspaces/ros2_cpp_ws_2'
[1.522s] Level 1:colcon.colcon_core.package_identification:_identify(.) by extensions ['ignore', 'ignore_ament_install']
[1.522s] Level 1:colcon.colcon_core.package_identification:_identify(.) by extension 'ignore'
[1.522s] Level 1:colcon.colcon_core.package_identification:_identify(.) by extension 'ignore_ament_install'
[1.522s] Level 1:colcon.colcon_core.package_identification:_identify(.) by extensions ['colcon_pkg']
[1.522s] Level 1:colcon.colcon_core.package_identification:_identify(.) by extension 'colcon_pkg'
[1.522s] Level 1:colcon.colcon_core.package_identification:_identify(.) by extensions ['colcon_meta']
[1.523s] Level 1:colcon.colcon_core.package_identification:_identify(.) by extension 'colcon_meta'
[1.523s] Level 1:colcon.colcon_core.package_identification:_identify(.) by extensions ['ros']
[1.523s] Level 1:colcon.colcon_core.package_identification:_identify(.) by extension 'ros'
[1.554s] Level 1:colcon.colcon_core.package_identification:_identify(.) by extensions ['cmake', 'python']
[1.554s] Level 1:colcon.colcon_core.package_identification:_identify(.) by extension 'cmake'
[1.554s] Level 1:colcon.colcon_core.package_identification:_identify(.) by extension 'python'
[1.555s] Level 1:colcon.colcon_core.package_identification:_identify(.) by extensions ['python_setup_py']
[1.555s] Level 1:colcon.colcon_core.package_identification:_identify(.) by extension 'python_setup_py'
[1.555s] Level 1:colcon.colcon_core.package_identification:_identify(build) by extensions ['ignore', 'ignore_ament_install']
[1.555s] Level 1:colcon.colcon_core.package_identification:_identify(build) by extension 'ignore'
[1.555s] Level 1:colcon.colcon_core.package_identification:_identify(build) ignored
[1.556s] Level 1:colcon.colcon_core.package_identification:_identify(install) by extensions ['ignore', 'ignore_ament_install']
[1.556s] Level 1:colcon.colcon_core.package_identification:_identify(install) by extension 'ignore'
[1.556s] Level 1:colcon.colcon_core.package_identification:_identify(install) ignored
[1.556s] Level 1:colcon.colcon_core.package_identification:_identify(log) by extensions ['ignore', 'ignore_ament_install']
[1.556s] Level 1:colcon.colcon_core.package_identification:_identify(log) by extension 'ignore'
[1.557s] Level 1:colcon.colcon_core.package_identification:_identify(log) ignored
[1.557s] Level 1:colcon.colcon_core.package_identification:_identify(src) by extensions ['ignore', 'ignore_ament_install']
[1.557s] Level 1:colcon.colcon_core.package_identification:_identify(src) by extension 'ignore'
[1.557s] Level 1:colcon.colcon_core.package_identification:_identify(src) by extension 'ignore_ament_install'
[1.557s] Level 1:colcon.colcon_core.package_identification:_identify(src) by extensions ['colcon_pkg']
[1.557s] Level 1:colcon.colcon_core.package_identification:_identify(src) by extension 'colcon_pkg'
[1.557s] Level 1:colcon.colcon_core.package_identification:_identify(src) by extensions ['colcon_meta']
[1.558s] Level 1:colcon.colcon_core.package_identification:_identify(src) by extension 'colcon_meta'
[1.558s] Level 1:colcon.colcon_core.package_identification:_identify(src) by extensions ['ros']
[1.558s] Level 1:colcon.colcon_core.package_identification:_identify(src) by extension 'ros'
[1.558s] Level 1:colcon.colcon_core.package_identification:_identify(src) by extensions ['cmake', 'python']
[1.558s] Level 1:colcon.colcon_core.package_identification:_identify(src) by extension 'cmake'
[1.558s] Level 1:colcon.colcon_core.package_identification:_identify(src) by extension 'python'
[1.558s] Level 1:colcon.colcon_core.package_identification:_identify(src) by extensions ['python_setup_py']
[1.558s] Level 1:colcon.colcon_core.package_identification:_identify(src) by extension 'python_setup_py'
[1.559s] Level 1:colcon.colcon_core.package_identification:_identify(src/ros2_pkg1) by extensions ['ignore', 'ignore_ament_install']
[1.559s] Level 1:colcon.colcon_core.package_identification:_identify(src/ros2_pkg1) by extension 'ignore'
[1.559s] Level 1:colcon.colcon_core.package_identification:_identify(src/ros2_pkg1) by extension 'ignore_ament_install'
[1.559s] Level 1:colcon.colcon_core.package_identification:_identify(src/ros2_pkg1) by extensions ['colcon_pkg']
[1.559s] Level 1:colcon.colcon_core.package_identification:_identify(src/ros2_pkg1) by extension 'colcon_pkg'
[1.559s] Level 1:colcon.colcon_core.package_identification:_identify(src/ros2_pkg1) by extensions ['colcon_meta']
[1.559s] Level 1:colcon.colcon_core.package_identification:_identify(src/ros2_pkg1) by extension 'colcon_meta'
[1.559s] Level 1:colcon.colcon_core.package_identification:_identify(src/ros2_pkg1) by extensions ['ros']
[1.560s] Level 1:colcon.colcon_core.package_identification:_identify(src/ros2_pkg1) by extension 'ros'
[1.568s] DEBUG:colcon.colcon_core.package_identification:Package 'src/ros2_pkg1' with type 'ros.ament_cmake' and name 'ros2_pkg1'
[1.569s] Level 1:colcon.colcon_core.package_discovery:discover_packages(recursive) using defaults
[1.569s] Level 1:colcon.colcon_core.package_discovery:discover_packages(ignore) discover
[1.569s] Level 1:colcon.colcon_core.package_discovery:discover_packages(ignore) using defaults
[1.569s] Level 1:colcon.colcon_core.package_discovery:discover_packages(path) discover
[1.569s] Level 1:colcon.colcon_core.package_discovery:discover_packages(path) using defaults
[1.644s] Level 1:colcon.colcon_core.package_discovery:discover_packages(prefix_path) check parameters
[1.644s] Level 1:colcon.colcon_core.package_discovery:discover_packages(prefix_path) discover
[1.654s] DEBUG:colcon.colcon_installed_package_information.package_discovery:Found 270 installed packages in /opt/ros/humble
[1.658s] Level 1:colcon.colcon_core.package_discovery:discover_packages(prefix_path) using defaults
[1.791s] Level 5:colcon.colcon_core.verb:set package 'ros2_pkg1' build argument 'cmake_args' from command line to 'None'
[1.791s] Level 5:colcon.colcon_core.verb:set package 'ros2_pkg1' build argument 'cmake_target' from command line to 'None'
[1.791s] Level 5:colcon.colcon_core.verb:set package 'ros2_pkg1' build argument 'cmake_target_skip_unavailable' from command line to 'False'
[1.792s] Level 5:colcon.colcon_core.verb:set package 'ros2_pkg1' build argument 'cmake_clean_cache' from command line to 'False'
[1.792s] Level 5:colcon.colcon_core.verb:set package 'ros2_pkg1' build argument 'cmake_clean_first' from command line to 'False'
[1.792s] Level 5:colcon.colcon_core.verb:set package 'ros2_pkg1' build argument 'cmake_force_configure' from command line to 'False'
[1.792s] Level 5:colcon.colcon_core.verb:set package 'ros2_pkg1' build argument 'ament_cmake_args' from command line to 'None'
[1.792s] Level 5:colcon.colcon_core.verb:set package 'ros2_pkg1' build argument 'catkin_cmake_args' from command line to 'None'
[1.792s] Level 5:colcon.colcon_core.verb:set package 'ros2_pkg1' build argument 'catkin_skip_building_tests' from command line to 'False'
[1.792s] DEBUG:colcon.colcon_core.verb:Building package 'ros2_pkg1' with the following arguments: {'ament_cmake_args': None, 'build_base': '/home/ankit/Workspaces/ros2_cpp_ws_2/build/ros2_pkg1', 'catkin_cmake_args': None, 'catkin_skip_building_tests': False, 'cmake_args': None, 'cmake_clean_cache': False, 'cmake_clean_first': False, 'cmake_force_configure': False, 'cmake_target': None, 'cmake_target_skip_unavailable': False, 'install_base': '/home/ankit/Workspaces/ros2_cpp_ws_2/install/ros2_pkg1', 'merge_install': False, 'path': '/home/ankit/Workspaces/ros2_cpp_ws_2/src/ros2_pkg1', 'symlink_install': False, 'test_result_base': None}
[1.793s] INFO:colcon.colcon_core.executor:Executing jobs using 'parallel' executor
[1.800s] DEBUG:colcon.colcon_parallel_executor.executor.parallel:run_until_complete
[1.800s] INFO:colcon.colcon_ros.task.ament_cmake.build:Building ROS package in '/home/ankit/Workspaces/ros2_cpp_ws_2/src/ros2_pkg1' with build type 'ament_cmake'
[1.801s] INFO:colcon.colcon_cmake.task.cmake.build:Building CMake package in '/home/ankit/Workspaces/ros2_cpp_ws_2/src/ros2_pkg1'
[1.819s] INFO:colcon.colcon_core.plugin_system:Skipping extension 'colcon_core.shell.bat': Not used on non-Windows systems
[1.820s] INFO:colcon.colcon_core.shell:Skip shell extension 'powershell' for command environment: Not usable outside of PowerShell
[1.820s] DEBUG:colcon.colcon_core.shell:Skip shell extension 'dsv' for command environment
[1.848s] DEBUG:colcon.colcon_core.event_handler.log_command:Invoking command in '/home/ankit/Workspaces/ros2_cpp_ws_2/build/ros2_pkg1': CMAKE_PREFIX_PATH=/opt/ros/humble /usr/bin/cmake --build /home/ankit/Workspaces/ros2_cpp_ws_2/build/ros2_pkg1 -- -j2 -l2
[4.858s] DEBUG:colcon.colcon_core.event_handler.log_command:Invoked command in '/home/ankit/Workspaces/ros2_cpp_ws_2/build/ros2_pkg1' returned '0': CMAKE_PREFIX_PATH=/opt/ros/humble /usr/bin/cmake --build /home/ankit/Workspaces/ros2_cpp_ws_2/build/ros2_pkg1 -- -j2 -l2
[5.016s] DEBUG:colcon.colcon_core.event_handler.log_command:Invoking command in '/home/ankit/Workspaces/ros2_cpp_ws_2/build/ros2_pkg1': CMAKE_PREFIX_PATH=/opt/ros/humble /usr/bin/cmake --install /home/ankit/Workspaces/ros2_cpp_ws_2/build/ros2_pkg1
[5.108s] Level 1:colcon.colcon_core.environment:create_environment_scripts_only(ros2_pkg1)
[5.112s] DEBUG:colcon.colcon_core.event_handler.log_command:Invoked command in '/home/ankit/Workspaces/ros2_cpp_ws_2/build/ros2_pkg1' returned '0': CMAKE_PREFIX_PATH=/opt/ros/humble /usr/bin/cmake --install /home/ankit/Workspaces/ros2_cpp_ws_2/build/ros2_pkg1
[5.136s] Level 1:colcon.colcon_core.environment:checking '/home/ankit/Workspaces/ros2_cpp_ws_2/install/ros2_pkg1' for CMake module files
[5.138s] Level 1:colcon.colcon_core.environment:checking '/home/ankit/Workspaces/ros2_cpp_ws_2/install/ros2_pkg1' for CMake config files
[5.138s] Level 1:colcon.colcon_core.shell:create_environment_hook('ros2_pkg1', 'cmake_prefix_path')
[5.143s] INFO:colcon.colcon_core.shell:Creating environment hook '/home/ankit/Workspaces/ros2_cpp_ws_2/install/ros2_pkg1/share/ros2_pkg1/hook/cmake_prefix_path.ps1'
[5.145s] INFO:colcon.colcon_core.shell:Creating environment descriptor '/home/ankit/Workspaces/ros2_cpp_ws_2/install/ros2_pkg1/share/ros2_pkg1/hook/cmake_prefix_path.dsv'
[5.147s] INFO:colcon.colcon_core.shell:Creating environment hook '/home/ankit/Workspaces/ros2_cpp_ws_2/install/ros2_pkg1/share/ros2_pkg1/hook/cmake_prefix_path.sh'
[5.149s] Level 1:colcon.colcon_core.environment:checking '/home/ankit/Workspaces/ros2_cpp_ws_2/install/ros2_pkg1/lib'
[5.150s] Level 1:colcon.colcon_core.environment:checking '/home/ankit/Workspaces/ros2_cpp_ws_2/install/ros2_pkg1/bin'
[5.150s] Level 1:colcon.colcon_core.environment:checking '/home/ankit/Workspaces/ros2_cpp_ws_2/install/ros2_pkg1/lib/pkgconfig/ros2_pkg1.pc'
[5.151s] Level 1:colcon.colcon_core.environment:checking '/home/ankit/Workspaces/ros2_cpp_ws_2/install/ros2_pkg1/lib/python3.10/site-packages'
[5.151s] Level 1:colcon.colcon_core.environment:checking '/home/ankit/Workspaces/ros2_cpp_ws_2/install/ros2_pkg1/bin'
[5.155s] INFO:colcon.colcon_core.shell:Creating package script '/home/ankit/Workspaces/ros2_cpp_ws_2/install/ros2_pkg1/share/ros2_pkg1/package.ps1'
[5.158s] INFO:colcon.colcon_core.shell:Creating package descriptor '/home/ankit/Workspaces/ros2_cpp_ws_2/install/ros2_pkg1/share/ros2_pkg1/package.dsv'
[5.160s] INFO:colcon.colcon_core.shell:Creating package script '/home/ankit/Workspaces/ros2_cpp_ws_2/install/ros2_pkg1/share/ros2_pkg1/package.sh'
[5.163s] INFO:colcon.colcon_core.shell:Creating package script '/home/ankit/Workspaces/ros2_cpp_ws_2/install/ros2_pkg1/share/ros2_pkg1/package.bash'
[5.165s] INFO:colcon.colcon_core.shell:Creating package script '/home/ankit/Workspaces/ros2_cpp_ws_2/install/ros2_pkg1/share/ros2_pkg1/package.zsh'
[5.169s] Level 1:colcon.colcon_core.environment:create_file_with_runtime_dependencies(/home/ankit/Workspaces/ros2_cpp_ws_2/install/ros2_pkg1/share/colcon-core/packages/ros2_pkg1)
[5.286s] Level 1:colcon.colcon_core.environment:create_environment_scripts_only(ros2_pkg1)
[5.289s] Level 1:colcon.colcon_core.environment:checking '/home/ankit/Workspaces/ros2_cpp_ws_2/install/ros2_pkg1' for CMake module files
[5.290s] Level 1:colcon.colcon_core.environment:checking '/home/ankit/Workspaces/ros2_cpp_ws_2/install/ros2_pkg1' for CMake config files
[5.291s] Level 1:colcon.colcon_core.shell:create_environment_hook('ros2_pkg1', 'cmake_prefix_path')
[5.298s] INFO:colcon.colcon_core.shell:Creating environment hook '/home/ankit/Workspaces/ros2_cpp_ws_2/install/ros2_pkg1/share/ros2_pkg1/hook/cmake_prefix_path.ps1'
[5.300s] INFO:colcon.colcon_core.shell:Creating environment descriptor '/home/ankit/Workspaces/ros2_cpp_ws_2/install/ros2_pkg1/share/ros2_pkg1/hook/cmake_prefix_path.dsv'
[5.302s] INFO:colcon.colcon_core.shell:Creating environment hook '/home/ankit/Workspaces/ros2_cpp_ws_2/install/ros2_pkg1/share/ros2_pkg1/hook/cmake_prefix_path.sh'
[5.305s] Level 1:colcon.colcon_core.environment:checking '/home/ankit/Workspaces/ros2_cpp_ws_2/install/ros2_pkg1/lib'
[5.306s] Level 1:colcon.colcon_core.environment:checking '/home/ankit/Workspaces/ros2_cpp_ws_2/install/ros2_pkg1/bin'
[5.306s] Level 1:colcon.colcon_core.environment:checking '/home/ankit/Workspaces/ros2_cpp_ws_2/install/ros2_pkg1/lib/pkgconfig/ros2_pkg1.pc'
[5.307s] Level 1:colcon.colcon_core.environment:checking '/home/ankit/Workspaces/ros2_cpp_ws_2/install/ros2_pkg1/lib/python3.10/site-packages'
[5.308s] Level 1:colcon.colcon_core.environment:checking '/home/ankit/Workspaces/ros2_cpp_ws_2/install/ros2_pkg1/bin'
[5.314s] INFO:colcon.colcon_core.shell:Creating package script '/home/ankit/Workspaces/ros2_cpp_ws_2/install/ros2_pkg1/share/ros2_pkg1/package.ps1'
[5.316s] INFO:colcon.colcon_core.shell:Creating package descriptor '/home/ankit/Workspaces/ros2_cpp_ws_2/install/ros2_pkg1/share/ros2_pkg1/package.dsv'
[5.318s] INFO:colcon.colcon_core.shell:Creating package script '/home/ankit/Workspaces/ros2_cpp_ws_2/install/ros2_pkg1/share/ros2_pkg1/package.sh'
[5.320s] INFO:colcon.colcon_core.shell:Creating package script '/home/ankit/Workspaces/ros2_cpp_ws_2/install/ros2_pkg1/share/ros2_pkg1/package.bash'
[5.322s] INFO:colcon.colcon_core.shell:Creating package script '/home/ankit/Workspaces/ros2_cpp_ws_2/install/ros2_pkg1/share/ros2_pkg1/package.zsh'
[5.325s] Level 1:colcon.colcon_core.environment:create_file_with_runtime_dependencies(/home/ankit/Workspaces/ros2_cpp_ws_2/install/ros2_pkg1/share/colcon-core/packages/ros2_pkg1)
[5.327s] DEBUG:colcon.colcon_parallel_executor.executor.parallel:closing loop
[5.328s] DEBUG:colcon.colcon_parallel_executor.executor.parallel:loop closed
[5.328s] DEBUG:colcon.colcon_parallel_executor.executor.parallel:run_until_complete finished with '0'
[5.328s] DEBUG:colcon.colcon_core.event_reactor:joining thread
[5.376s] INFO:colcon.colcon_core.plugin_system:Skipping extension 'colcon_notification.desktop_notification.terminal_notifier': Not used on non-Darwin systems
[5.377s] INFO:colcon.colcon_core.plugin_system:Skipping extension 'colcon_notification.desktop_notification.win32': Not used on non-Windows systems
[5.377s] INFO:colcon.colcon_notification.desktop_notification:Sending desktop notification using 'notify2'
[5.433s] DEBUG:colcon.colcon_core.event_reactor:joined thread
[5.445s] INFO:colcon.colcon_core.shell:Creating prefix script '/home/ankit/Workspaces/ros2_cpp_ws_2/install/local_setup.ps1'
[5.451s] INFO:colcon.colcon_core.shell:Creating prefix util module '/home/ankit/Workspaces/ros2_cpp_ws_2/install/_local_setup_util_ps1.py'
[5.478s] INFO:colcon.colcon_core.shell:Creating prefix chain script '/home/ankit/Workspaces/ros2_cpp_ws_2/install/setup.ps1'
[5.497s] INFO:colcon.colcon_core.shell:Creating prefix script '/home/ankit/Workspaces/ros2_cpp_ws_2/install/local_setup.sh'
[5.507s] INFO:colcon.colcon_core.shell:Creating prefix util module '/home/ankit/Workspaces/ros2_cpp_ws_2/install/_local_setup_util_sh.py'
[5.519s] INFO:colcon.colcon_core.shell:Creating prefix chain script '/home/ankit/Workspaces/ros2_cpp_ws_2/install/setup.sh'
[5.529s] INFO:colcon.colcon_core.shell:Creating prefix script '/home/ankit/Workspaces/ros2_cpp_ws_2/install/local_setup.bash'
[5.536s] INFO:colcon.colcon_core.shell:Creating prefix chain script '/home/ankit/Workspaces/ros2_cpp_ws_2/install/setup.bash'
[5.554s] INFO:colcon.colcon_core.shell:Creating prefix script '/home/ankit/Workspaces/ros2_cpp_ws_2/install/local_setup.zsh'
[5.556s] INFO:colcon.colcon_core.shell:Creating prefix chain script '/home/ankit/Workspaces/ros2_cpp_ws_2/install/setup.zsh'
