[0.089s] Invoking command in '/home/ankit/Workspaces/ros2_cpp_ws_2/build/ros2_pkg1': CMAKE_PREFIX_PATH=/opt/ros/humble /usr/bin/cmake --build /home/ankit/Workspaces/ros2_cpp_ws_2/build/ros2_pkg1 -- -j2 -l2
[0.451s] -- Found ament_cmake: 1.3.4 (/opt/ros/humble/share/ament_cmake/cmake)
[1.225s] [31mCMake Error at CMakeLists.txt:13 (find_package):
[1.225s]   find_package called with invalid argument "REQUIERED"
[1.225s] 
[1.226s] [0m
[1.240s] -- Found std_msgs: 4.2.3 (/opt/ros/humble/share/std_msgs/cmake)
[1.432s] -- Found rosidl_generator_c: 3.1.4 (/opt/ros/humble/share/rosidl_generator_c/cmake)
[1.456s] -- Found rosidl_adapter: 3.1.4 (/opt/ros/humble/share/rosidl_adapter/cmake)
[1.505s] -- Found rosidl_generator_cpp: 3.1.4 (/opt/ros/humble/share/rosidl_generator_cpp/cmake)
[1.598s] -- Using all available rosidl_typesupport_c: rosidl_typesupport_fastrtps_c;rosidl_typesupport_introspection_c
[1.711s] -- Using all available rosidl_typesupport_cpp: rosidl_typesupport_fastrtps_cpp;rosidl_typesupport_introspection_cpp
[2.134s] [31mCMake Error at /opt/ros/humble/share/ament_cmake_target_dependencies/cmake/ament_target_dependencies.cmake:77 (message):
[2.134s]   ament_target_dependencies() the passed package name 'rclcpp' was not found
[2.134s]   before
[2.134s] Call Stack (most recent call first):
[2.135s]   CMakeLists.txt:17 (ament_target_dependencies)
[2.135s] 
[2.135s] [0m
[2.136s] -- Configuring incomplete, errors occurred!
[2.137s] See also "/home/ankit/Workspaces/ros2_cpp_ws_2/build/ros2_pkg1/CMakeFiles/CMakeOutput.log".
[2.161s] gmake: *** [Makefile:226: cmake_check_build_system] Error 1
[2.175s] Invoked command in '/home/ankit/Workspaces/ros2_cpp_ws_2/build/ros2_pkg1' returned '2': CMAKE_PREFIX_PATH=/opt/ros/humble /usr/bin/cmake --build /home/ankit/Workspaces/ros2_cpp_ws_2/build/ros2_pkg1 -- -j2 -l2
