[2.559s] DEBUG:colcon:Command line arguments: ['/usr/bin/colcon', 'list', '-p', '--base-paths', '/home/ankit/Workspaces/ros2_cpp_ws_2']
[2.559s] DEBUG:colcon:Parsed command line arguments: Namespace(log_base=None, log_level=None, verb_name='list', build_base='build', ignore_user_meta=False, metas=['./colcon.meta'], base_paths=['/home/ankit/Workspaces/ros2_cpp_ws_2'], packages_ignore=None, packages_ignore_regex=None, paths=None, packages_up_to=None, packages_up_to_regex=None, packages_above=None, packages_above_and_dependencies=None, packages_above_depth=None, packages_select_by_dep=None, packages_skip_by_dep=None, packages_skip_up_to=None, packages_select_build_failed=False, packages_skip_build_finished=False, packages_select_test_failures=False, packages_skip_test_passed=False, packages_select=None, packages_skip=None, packages_select_regex=None, packages_skip_regex=None, packages_start=None, packages_end=None, allow_overriding=[], topological_order=False, names_only=False, paths_only=True, topological_graph=False, topological_graph_dot=False, topological_graph_density=False, topological_graph_legend=False, topological_graph_dot_cluster=False, topological_graph_dot_include_skipped=False, verb_parser=<colcon_defaults.argument_parser.defaults.DefaultArgumentsDecorator object at 0x7ff7cf1ce080>, verb_extension=<colcon_package_information.verb.list.ListVerb object at 0x7ff7cf171660>, main=<bound method ListVerb.main of <colcon_package_information.verb.list.ListVerb object at 0x7ff7cf171660>>)
[2.630s] Level 1:colcon.colcon_core.package_discovery:discover_packages(colcon_meta) check parameters
[2.630s] Level 1:colcon.colcon_core.package_discovery:discover_packages(recursive) check parameters
[2.631s] Level 1:colcon.colcon_core.package_discovery:discover_packages(ignore) check parameters
[2.631s] Level 1:colcon.colcon_core.package_discovery:discover_packages(path) check parameters
[2.631s] Level 1:colcon.colcon_core.package_discovery:discover_packages(recursive) discover
[2.631s] INFO:colcon.colcon_core.package_discovery:Crawling recursively for packages in '/home/ankit/Workspaces/ros2_cpp_ws_2'
[2.631s] Level 1:colcon.colcon_core.package_identification:_identify(/home/ankit/Workspaces/ros2_cpp_ws_2) by extensions ['ignore', 'ignore_ament_install']
[2.631s] Level 1:colcon.colcon_core.package_identification:_identify(/home/ankit/Workspaces/ros2_cpp_ws_2) by extension 'ignore'
[2.631s] Level 1:colcon.colcon_core.package_identification:_identify(/home/ankit/Workspaces/ros2_cpp_ws_2) by extension 'ignore_ament_install'
[2.631s] Level 1:colcon.colcon_core.package_identification:_identify(/home/ankit/Workspaces/ros2_cpp_ws_2) by extensions ['colcon_pkg']
[2.631s] Level 1:colcon.colcon_core.package_identification:_identify(/home/ankit/Workspaces/ros2_cpp_ws_2) by extension 'colcon_pkg'
[2.631s] Level 1:colcon.colcon_core.package_identification:_identify(/home/ankit/Workspaces/ros2_cpp_ws_2) by extensions ['colcon_meta']
[2.631s] Level 1:colcon.colcon_core.package_identification:_identify(/home/ankit/Workspaces/ros2_cpp_ws_2) by extension 'colcon_meta'
[2.631s] Level 1:colcon.colcon_core.package_identification:_identify(/home/ankit/Workspaces/ros2_cpp_ws_2) by extensions ['ros']
[2.631s] Level 1:colcon.colcon_core.package_identification:_identify(/home/ankit/Workspaces/ros2_cpp_ws_2) by extension 'ros'
[2.665s] Level 1:colcon.colcon_core.package_identification:_identify(/home/ankit/Workspaces/ros2_cpp_ws_2) by extensions ['cmake', 'python']
[2.665s] Level 1:colcon.colcon_core.package_identification:_identify(/home/ankit/Workspaces/ros2_cpp_ws_2) by extension 'cmake'
[2.665s] Level 1:colcon.colcon_core.package_identification:_identify(/home/ankit/Workspaces/ros2_cpp_ws_2) by extension 'python'
[2.665s] Level 1:colcon.colcon_core.package_identification:_identify(/home/ankit/Workspaces/ros2_cpp_ws_2) by extensions ['python_setup_py']
[2.665s] Level 1:colcon.colcon_core.package_identification:_identify(/home/ankit/Workspaces/ros2_cpp_ws_2) by extension 'python_setup_py'
[2.665s] Level 1:colcon.colcon_core.package_identification:_identify(/home/ankit/Workspaces/ros2_cpp_ws_2/log) by extensions ['ignore', 'ignore_ament_install']
[2.666s] Level 1:colcon.colcon_core.package_identification:_identify(/home/ankit/Workspaces/ros2_cpp_ws_2/log) by extension 'ignore'
[2.666s] Level 1:colcon.colcon_core.package_identification:_identify(/home/ankit/Workspaces/ros2_cpp_ws_2/log) ignored
[2.666s] Level 1:colcon.colcon_core.package_identification:_identify(/home/ankit/Workspaces/ros2_cpp_ws_2/src) by extensions ['ignore', 'ignore_ament_install']
[2.666s] Level 1:colcon.colcon_core.package_identification:_identify(/home/ankit/Workspaces/ros2_cpp_ws_2/src) by extension 'ignore'
[2.666s] Level 1:colcon.colcon_core.package_identification:_identify(/home/ankit/Workspaces/ros2_cpp_ws_2/src) by extension 'ignore_ament_install'
[2.666s] Level 1:colcon.colcon_core.package_identification:_identify(/home/ankit/Workspaces/ros2_cpp_ws_2/src) by extensions ['colcon_pkg']
[2.666s] Level 1:colcon.colcon_core.package_identification:_identify(/home/ankit/Workspaces/ros2_cpp_ws_2/src) by extension 'colcon_pkg'
[2.666s] Level 1:colcon.colcon_core.package_identification:_identify(/home/ankit/Workspaces/ros2_cpp_ws_2/src) by extensions ['colcon_meta']
[2.666s] Level 1:colcon.colcon_core.package_identification:_identify(/home/ankit/Workspaces/ros2_cpp_ws_2/src) by extension 'colcon_meta'
[2.666s] Level 1:colcon.colcon_core.package_identification:_identify(/home/ankit/Workspaces/ros2_cpp_ws_2/src) by extensions ['ros']
[2.666s] Level 1:colcon.colcon_core.package_identification:_identify(/home/ankit/Workspaces/ros2_cpp_ws_2/src) by extension 'ros'
[2.666s] Level 1:colcon.colcon_core.package_identification:_identify(/home/ankit/Workspaces/ros2_cpp_ws_2/src) by extensions ['cmake', 'python']
[2.666s] Level 1:colcon.colcon_core.package_identification:_identify(/home/ankit/Workspaces/ros2_cpp_ws_2/src) by extension 'cmake'
[2.666s] Level 1:colcon.colcon_core.package_identification:_identify(/home/ankit/Workspaces/ros2_cpp_ws_2/src) by extension 'python'
[2.666s] Level 1:colcon.colcon_core.package_identification:_identify(/home/ankit/Workspaces/ros2_cpp_ws_2/src) by extensions ['python_setup_py']
[2.666s] Level 1:colcon.colcon_core.package_identification:_identify(/home/ankit/Workspaces/ros2_cpp_ws_2/src) by extension 'python_setup_py'
[2.666s] Level 1:colcon.colcon_core.package_identification:_identify(/home/ankit/Workspaces/ros2_cpp_ws_2/src/ros2_pkg1) by extensions ['ignore', 'ignore_ament_install']
[2.666s] Level 1:colcon.colcon_core.package_identification:_identify(/home/ankit/Workspaces/ros2_cpp_ws_2/src/ros2_pkg1) by extension 'ignore'
[2.666s] Level 1:colcon.colcon_core.package_identification:_identify(/home/ankit/Workspaces/ros2_cpp_ws_2/src/ros2_pkg1) by extension 'ignore_ament_install'
[2.666s] Level 1:colcon.colcon_core.package_identification:_identify(/home/ankit/Workspaces/ros2_cpp_ws_2/src/ros2_pkg1) by extensions ['colcon_pkg']
[2.666s] Level 1:colcon.colcon_core.package_identification:_identify(/home/ankit/Workspaces/ros2_cpp_ws_2/src/ros2_pkg1) by extension 'colcon_pkg'
[2.667s] Level 1:colcon.colcon_core.package_identification:_identify(/home/ankit/Workspaces/ros2_cpp_ws_2/src/ros2_pkg1) by extensions ['colcon_meta']
[2.667s] Level 1:colcon.colcon_core.package_identification:_identify(/home/ankit/Workspaces/ros2_cpp_ws_2/src/ros2_pkg1) by extension 'colcon_meta'
[2.667s] Level 1:colcon.colcon_core.package_identification:_identify(/home/ankit/Workspaces/ros2_cpp_ws_2/src/ros2_pkg1) by extensions ['ros']
[2.667s] Level 1:colcon.colcon_core.package_identification:_identify(/home/ankit/Workspaces/ros2_cpp_ws_2/src/ros2_pkg1) by extension 'ros'
[2.679s] DEBUG:colcon.colcon_core.package_identification:Package '/home/ankit/Workspaces/ros2_cpp_ws_2/src/ros2_pkg1' with type 'ros.ament_cmake' and name 'ros2_pkg1'
[2.679s] Level 1:colcon.colcon_core.package_discovery:discover_packages(recursive) using defaults
