[0.049s] Invoking command in '/home/ankit/Workspaces/ros2_cpp_ws_2/build/ros2_pkg1': CMAKE_PREFIX_PATH=/opt/ros/humble /usr/bin/cmake --build /home/ankit/Workspaces/ros2_cpp_ws_2/build/ros2_pkg1 -- -j2 -l2
[0.142s] -- Found ament_cmake: 1.3.4 (/opt/ros/humble/share/ament_cmake/cmake)
[0.842s] -- Found rclcpp: 16.0.4 (/opt/ros/humble/share/rclcpp/cmake)
[0.969s] -- Found rosidl_generator_c: 3.1.4 (/opt/ros/humble/share/rosidl_generator_c/cmake)
[0.979s] -- Found rosidl_adapter: 3.1.4 (/opt/ros/humble/share/rosidl_adapter/cmake)
[1.005s] -- Found rosidl_generator_cpp: 3.1.4 (/opt/ros/humble/share/rosidl_generator_cpp/cmake)
[1.045s] -- Using all available rosidl_typesupport_c: rosidl_typesupport_fastrtps_c;rosidl_typesupport_introspection_c
[1.097s] -- Using all available rosidl_typesupport_cpp: rosidl_typesupport_fastrtps_cpp;rosidl_typesupport_introspection_cpp
[1.304s] -- Found rmw_implementation_cmake: 6.1.1 (/opt/ros/humble/share/rmw_implementation_cmake/cmake)
[1.313s] -- Found rmw_fastrtps_cpp: 6.2.2 (/opt/ros/humble/share/rmw_fastrtps_cpp/cmake)
[1.700s] -- Found OpenSSL: /usr/lib/x86_64-linux-gnu/libcrypto.so (found version "3.0.2")  
[1.776s] -- Found FastRTPS: /opt/ros/humble/include  
[1.897s] -- Using RMW implementation 'rmw_fastrtps_cpp' as default
[1.927s] -- Looking for pthread.h
[2.314s] -- Looking for pthread.h - found
[2.318s] -- Performing Test CMAKE_HAVE_LIBC_PTHREAD
[2.821s] -- Performing Test CMAKE_HAVE_LIBC_PTHREAD - Success
[2.821s] -- Found Threads: TRUE  
[3.526s] [31mCMake Error at CMakeLists.txt:19 (install):
[3.527s]   install does not recognize sub-command TARGET
[3.527s] 
[3.527s] [0m
[3.528s] -- Found ament_lint_auto: 0.12.6 (/opt/ros/humble/share/ament_lint_auto/cmake)
[3.769s] -- Added test 'lint_cmake' to check CMake code style
[3.773s] -- Added test 'xmllint' to check XML markup files
[3.783s] -- Configuring incomplete, errors occurred!
[3.783s] See also "/home/ankit/Workspaces/ros2_cpp_ws_2/build/ros2_pkg1/CMakeFiles/CMakeOutput.log".
[3.805s] gmake: *** [Makefile:226: cmake_check_build_system] Error 1
[3.809s] Invoked command in '/home/ankit/Workspaces/ros2_cpp_ws_2/build/ros2_pkg1' returned '2': CMAKE_PREFIX_PATH=/opt/ros/humble /usr/bin/cmake --build /home/ankit/Workspaces/ros2_cpp_ws_2/build/ros2_pkg1 -- -j2 -l2
